0 [139623019338688] INFO perfrun.launcher <> - Launcher main begin
0 [139623019338688] INFO perfrun.launcher <> - MessageCatalogInit finished
0 [139623019338688] INFO perfrun.launcher <> - Launcher instance created
0 [139623019338688] INFO perfrun.launcher <> - argc = 6; cmdline = /opt/intel/oneapi/vtune/2024.2/bin64/amplxe-runss -dump-vdso -r /home/gbrods/Documents/cad/trabalho4/cad-trabalho4/r001hs --tmp-dir /tmp/amplxe-tmp-gbrods 
18 [139623019338688] INFO perfrun.perfcollector <> - SEP tool path: /opt/intel/oneapi/vtune/2024.2/bin64/sep
21 [139623019338688] INFO perfrun.launcher <> - create msngr2::ICliToolContext
21 [139623019338688] INFO perfrun.launcher <> - create file finder object
22 [139622799640256] INFO perfrun.launcher <> - plugin [remoteplug] was disabled because it doesn't support the given collection type.
22 [139622799640256] INFO perfrun.launcher <> - plugin [system] was disabled because it doesn't support the given collection type.
22 [139622799640256] INFO perfrun.vdso <> - dumping [vdso] pseudomodule
22 [139622799640256] INFO perfrun.launcher <> - plugin [itt] was disabled because it doesn't support the given collection type.
23 [139622799640256] INFO perfrun.launcher <> - plugin [ptracecollector] was disabled because it doesn't support the given collection type.
23 [139622799640256] INFO perfrun.launcher <> - plugin [gpu] was disabled because it doesn't support the given collection type.
23 [139622799640256] INFO perfrun.launcher <> - plugin [] was disabled because it doesn't support the given collection type.
23 [139622799640256] INFO perfrun.launcher <> - plugin [] was disabled because it doesn't support the given collection type.
23 [139622799640256] INFO perfrun.launcher <> - plugin [] was disabled because it doesn't support the given collection type.
23 [139622799640256] INFO perfrun.launcher <> - plugin [mrte] was disabled because it doesn't support the given collection type.
23 [139622799640256] INFO perfrun.launcher <> - plugin [emon] was disabled because it doesn't support the given collection type.
23 [139622799640256] INFO perfrun.launcher <> - plugin [cuscol] was disabled because it doesn't support the given collection type.
23 [139622799640256] INFO perfrun.launcher <> - plugin [stdsrc] was disabled because it doesn't support the given collection type.
23 [139622799640256] INFO perfrun.launcher <> - plugin [sep] was disabled because it doesn't support the given collection type.
23 [139622799640256] INFO perfrun.launcher <> - plugin [vtsspp] was disabled because it doesn't support the given collection type.
23 [139622799640256] INFO perfrun.launcher <> - plugin [perf] was disabled because it doesn't support the given collection type.
23 [139622799640256] INFO perfrun.launcher <> - plugin [aoclprofile] was disabled because it doesn't support the given collection type.
23 [139622799640256] INFO perfrun.launcher <> - plugin [tpss] was disabled because it doesn't support the given collection type.
23 [139622799640256] INFO perfrun.launcher <> - plugin [media] was disabled because it doesn't support the given collection type.
23 [139622799640256] INFO perfrun.launcher <> - plugin [] was disabled because it doesn't support the given collection type.
23 [139622799640256] INFO perfrun.launcher <> - plugin [] was disabled because it doesn't support the given collection type.
23 [139622799640256] INFO perfrun.launcher <> - plugin [parallelfs] was disabled because it doesn't support the given collection type.
23 [139622799640256] INFO perfrun.launcher <> - plugin [power] was disabled because it doesn't support the given collection type.
23 [139622799640256] INFO perfrun.launcher <> - plugin [] was disabled because it doesn't support the given collection type.
23 [139622799640256] INFO perfrun.launcher <> - plugin [ipmwatch] was disabled because it doesn't support the given collection type.
23 [139622799640256] INFO perfrun.launcher <> - plugin [os_counters] was disabled because it doesn't support the given collection type.
23 [139622799640256] INFO perfrun.launcher <> - plugin [l0_metrics] was disabled because it doesn't support the given collection type.
23 [139623019338688] INFO perfrun.launcher <> - Application exit code: 0
23 [139623019338688] INFO perfrun.launcher <> - Exit code: 0
