0 [4130260736] INFO perfrun.launcher <> - Launcher main begin
0 [4130260736] INFO perfrun.launcher <> - MessageCatalogInit finished
0 [4130260736] INFO perfrun.launcher <> - Launcher instance created
0 [4130260736] INFO perfrun.launcher <> - argc = 6; cmdline = /opt/intel/oneapi/vtune/2024.2/bin32/amplxe-runss -dump-vdso -r /home/gbrods/Documents/cad/trabalho4/cad-trabalho4/r001hs --tmp-dir /tmp/amplxe-tmp-gbrods 
7 [4130260736] INFO perfrun.launcher <> - create msngr2::ICliToolContext
7 [4130260736] INFO perfrun.launcher <> - create file finder object
9 [4129729344] INFO perfrun.launcher <> - plugin [remoteplug] was disabled because it doesn't support the given collection type.
9 [4129729344] INFO perfrun.launcher <> - plugin [] was disabled because it doesn't support the given collection type.
9 [4129729344] INFO perfrun.vdso <> - dumping [vdso] pseudomodule
10 [4129729344] INFO perfrun.launcher <> - plugin [] was disabled because it doesn't support the given collection type.
10 [4129729344] INFO perfrun.launcher <> - plugin [] was disabled because it doesn't support the given collection type.
10 [4129729344] INFO perfrun.launcher <> - plugin [] was disabled because it doesn't support the given collection type.
10 [4129729344] INFO perfrun.launcher <> - plugin [] was disabled because it doesn't support the given collection type.
10 [4129729344] INFO perfrun.launcher <> - plugin [] was disabled because it doesn't support the given collection type.
10 [4129729344] INFO perfrun.launcher <> - plugin [] was disabled because it doesn't support the given collection type.
10 [4129729344] INFO perfrun.launcher <> - plugin [] was disabled because it doesn't support the given collection type.
10 [4129729344] INFO perfrun.launcher <> - plugin [] was disabled because it doesn't support the given collection type.
10 [4129729344] INFO perfrun.launcher <> - plugin [] was disabled because it doesn't support the given collection type.
10 [4129729344] INFO perfrun.launcher <> - plugin [] was disabled because it doesn't support the given collection type.
10 [4129729344] INFO perfrun.launcher <> - plugin [] was disabled because it doesn't support the given collection type.
10 [4129729344] INFO perfrun.launcher <> - plugin [] was disabled because it doesn't support the given collection type.
10 [4129729344] INFO perfrun.launcher <> - plugin [] was disabled because it doesn't support the given collection type.
10 [4129729344] INFO perfrun.launcher <> - plugin [] was disabled because it doesn't support the given collection type.
10 [4129729344] INFO perfrun.launcher <> - plugin [] was disabled because it doesn't support the given collection type.
10 [4129729344] INFO perfrun.launcher <> - plugin [] was disabled because it doesn't support the given collection type.
10 [4129729344] INFO perfrun.launcher <> - plugin [] was disabled because it doesn't support the given collection type.
10 [4129729344] INFO perfrun.launcher <> - plugin [] was disabled because it doesn't support the given collection type.
10 [4129729344] INFO perfrun.launcher <> - plugin [] was disabled because it doesn't support the given collection type.
10 [4129729344] INFO perfrun.launcher <> - plugin [] was disabled because it doesn't support the given collection type.
10 [4129729344] INFO perfrun.launcher <> - plugin [] was disabled because it doesn't support the given collection type.
10 [4129729344] INFO perfrun.launcher <> - plugin [] was disabled because it doesn't support the given collection type.
10 [4129729344] INFO perfrun.launcher <> - plugin [] was disabled because it doesn't support the given collection type.
10 [4129729344] INFO perfrun.launcher <> - plugin [] was disabled because it doesn't support the given collection type.
10 [4130260736] INFO perfrun.launcher <> - Application exit code: 0
10 [4130260736] INFO perfrun.launcher <> - Exit code: 0
