1 [4130023168] INFO perfrun.launcher <> - Launcher main begin
1 [4130023168] INFO perfrun.launcher <> - MessageCatalogInit finished
1 [4130023168] INFO perfrun.launcher <> - Launcher instance created
1 [4130023168] INFO perfrun.launcher <> - argc = 6; cmdline = /opt/intel/oneapi/vtune/2024.2/bin32/amplxe-runss -dump-vdso -r /home/gbrods/Documents/cad/trabalho4/cad-trabalho4/r000ps --tmp-dir /tmp/amplxe-tmp-gbrods 
8 [4130023168] INFO perfrun.launcher <> - create msngr2::ICliToolContext
9 [4130023168] INFO perfrun.launcher <> - create file finder object
11 [4129491776] INFO perfrun.launcher <> - plugin [remoteplug] was disabled because it doesn't support the given collection type.
11 [4129491776] INFO perfrun.launcher <> - plugin [] was disabled because it doesn't support the given collection type.
11 [4129491776] INFO perfrun.vdso <> - dumping [vdso] pseudomodule
12 [4129491776] INFO perfrun.launcher <> - plugin [] was disabled because it doesn't support the given collection type.
12 [4129491776] INFO perfrun.launcher <> - plugin [] was disabled because it doesn't support the given collection type.
12 [4129491776] INFO perfrun.launcher <> - plugin [] was disabled because it doesn't support the given collection type.
12 [4129491776] INFO perfrun.launcher <> - plugin [] was disabled because it doesn't support the given collection type.
12 [4129491776] INFO perfrun.launcher <> - plugin [] was disabled because it doesn't support the given collection type.
12 [4129491776] INFO perfrun.launcher <> - plugin [] was disabled because it doesn't support the given collection type.
12 [4129491776] INFO perfrun.launcher <> - plugin [] was disabled because it doesn't support the given collection type.
12 [4129491776] INFO perfrun.launcher <> - plugin [] was disabled because it doesn't support the given collection type.
12 [4129491776] INFO perfrun.launcher <> - plugin [] was disabled because it doesn't support the given collection type.
12 [4129491776] INFO perfrun.launcher <> - plugin [] was disabled because it doesn't support the given collection type.
12 [4129491776] INFO perfrun.launcher <> - plugin [] was disabled because it doesn't support the given collection type.
12 [4129491776] INFO perfrun.launcher <> - plugin [] was disabled because it doesn't support the given collection type.
12 [4129491776] INFO perfrun.launcher <> - plugin [] was disabled because it doesn't support the given collection type.
12 [4129491776] INFO perfrun.launcher <> - plugin [] was disabled because it doesn't support the given collection type.
12 [4129491776] INFO perfrun.launcher <> - plugin [] was disabled because it doesn't support the given collection type.
12 [4129491776] INFO perfrun.launcher <> - plugin [] was disabled because it doesn't support the given collection type.
12 [4129491776] INFO perfrun.launcher <> - plugin [] was disabled because it doesn't support the given collection type.
12 [4129491776] INFO perfrun.launcher <> - plugin [] was disabled because it doesn't support the given collection type.
12 [4129491776] INFO perfrun.launcher <> - plugin [] was disabled because it doesn't support the given collection type.
12 [4129491776] INFO perfrun.launcher <> - plugin [] was disabled because it doesn't support the given collection type.
12 [4129491776] INFO perfrun.launcher <> - plugin [] was disabled because it doesn't support the given collection type.
12 [4129491776] INFO perfrun.launcher <> - plugin [] was disabled because it doesn't support the given collection type.
12 [4129491776] INFO perfrun.launcher <> - plugin [] was disabled because it doesn't support the given collection type.
12 [4129491776] INFO perfrun.launcher <> - plugin [] was disabled because it doesn't support the given collection type.
12 [4130023168] INFO perfrun.launcher <> - Application exit code: 0
12 [4130023168] INFO perfrun.launcher <> - Exit code: 0
